{"level":"info","message":"✅ Conexión a PostgreSQL establecida","service":"sistema-universitario-api","timestamp":"2025-11-12 04:06:05"}
{"level":"info","message":"🚀 Servidor corriendo en http://localhost:54112","service":"sistema-universitario-api","timestamp":"2025-11-12 04:06:05"}
{"level":"info","message":"📝 Ambiente: production","service":"sistema-universitario-api","timestamp":"2025-11-12 04:06:05"}
{"level":"info","message":"🔍 Health check: http://localhost:54112/health","service":"sistema-universitario-api","timestamp":"2025-11-12 04:06:05"}
{"level":"info","message":"🔗 API: http://localhost:54112/api","service":"sistema-universitario-api","timestamp":"2025-11-12 04:06:05"}
{"level":"info","message":"✅ Conexión a PostgreSQL establecida","service":"sistema-universitario-api","timestamp":"2025-11-12 04:10:17"}
{"level":"info","message":"🚀 Servidor corriendo en http://localhost:54112","service":"sistema-universitario-api","timestamp":"2025-11-12 04:10:17"}
{"level":"info","message":"📝 Ambiente: production","service":"sistema-universitario-api","timestamp":"2025-11-12 04:10:17"}
{"level":"info","message":"🔍 Health check: http://localhost:54112/health","service":"sistema-universitario-api","timestamp":"2025-11-12 04:10:17"}
{"level":"info","message":"🔗 API: http://localhost:54112/api","service":"sistema-universitario-api","timestamp":"2025-11-12 04:10:17"}
{"level":"info","message":"✅ Conexión a PostgreSQL establecida","service":"sistema-universitario-api","timestamp":"2025-11-12 04:24:36"}
{"level":"info","message":"🚀 Servidor corriendo en http://localhost:3001","service":"sistema-universitario-api","timestamp":"2025-11-12 04:24:36"}
{"level":"info","message":"📝 Ambiente: production","service":"sistema-universitario-api","timestamp":"2025-11-12 04:24:36"}
{"level":"info","message":"🔍 Health check: http://localhost:3001/health","service":"sistema-universitario-api","timestamp":"2025-11-12 04:24:36"}
{"level":"info","message":"🔗 API: http://localhost:3001/api","service":"sistema-universitario-api","timestamp":"2025-11-12 04:24:36"}
{"level":"info","message":"Login exitoso: 2022452139@teschi.edu.mx","service":"sistema-universitario-api","timestamp":"2025-11-12 04:32:09"}
{"ip":"::1","level":"error","message":"Error de base de datos","method":"GET","service":"sistema-universitario-api","stack":"Error: Error de base de datos\n    at handlePrismaError (C:\\Users\\User\\Documents\\GitHub\\Sistema_Abierto\\proyecto\\backend\\src\\middleware\\error.middleware.ts:26:14)\n    at errorHandler (C:\\Users\\User\\Documents\\GitHub\\Sistema_Abierto\\proyecto\\backend\\src\\middleware\\error.middleware.ts:44:13)\n    at Layer.handle_error (C:\\Users\\User\\Documents\\GitHub\\Sistema_Abierto\\proyecto\\backend\\node_modules\\express\\lib\\router\\layer.js:71:5)\n    at trim_prefix (C:\\Users\\User\\Documents\\GitHub\\Sistema_Abierto\\proyecto\\backend\\node_modules\\express\\lib\\router\\index.js:326:13)\n    at C:\\Users\\User\\Documents\\GitHub\\Sistema_Abierto\\proyecto\\backend\\node_modules\\express\\lib\\router\\index.js:286:9\n    at router.process_params (C:\\Users\\User\\Documents\\GitHub\\Sistema_Abierto\\proyecto\\backend\\node_modules\\express\\lib\\router\\index.js:346:12)\n    at next (C:\\Users\\User\\Documents\\GitHub\\Sistema_Abierto\\proyecto\\backend\\node_modules\\express\\lib\\router\\index.js:280:10)\n    at Layer.handle_error (C:\\Users\\User\\Documents\\GitHub\\Sistema_Abierto\\proyecto\\backend\\node_modules\\express\\lib\\router\\layer.js:67:12)\n    at trim_prefix (C:\\Users\\User\\Documents\\GitHub\\Sistema_Abierto\\proyecto\\backend\\node_modules\\express\\lib\\router\\index.js:326:13)\n    at C:\\Users\\User\\Documents\\GitHub\\Sistema_Abierto\\proyecto\\backend\\node_modules\\express\\lib\\router\\index.js:286:9","timestamp":"2025-11-12 04:32:19","url":"/api/creditos/mis","userId":"afaffda9-1c5d-47a5-8a8e-66cee57d08de"}
{"ip":"::1","level":"error","message":"Error de base de datos","method":"GET","service":"sistema-universitario-api","stack":"Error: Error de base de datos\n    at handlePrismaError (C:\\Users\\User\\Documents\\GitHub\\Sistema_Abierto\\proyecto\\backend\\src\\middleware\\error.middleware.ts:26:14)\n    at errorHandler (C:\\Users\\User\\Documents\\GitHub\\Sistema_Abierto\\proyecto\\backend\\src\\middleware\\error.middleware.ts:44:13)\n    at Layer.handle_error (C:\\Users\\User\\Documents\\GitHub\\Sistema_Abierto\\proyecto\\backend\\node_modules\\express\\lib\\router\\layer.js:71:5)\n    at trim_prefix (C:\\Users\\User\\Documents\\GitHub\\Sistema_Abierto\\proyecto\\backend\\node_modules\\express\\lib\\router\\index.js:326:13)\n    at C:\\Users\\User\\Documents\\GitHub\\Sistema_Abierto\\proyecto\\backend\\node_modules\\express\\lib\\router\\index.js:286:9\n    at router.process_params (C:\\Users\\User\\Documents\\GitHub\\Sistema_Abierto\\proyecto\\backend\\node_modules\\express\\lib\\router\\index.js:346:12)\n    at next (C:\\Users\\User\\Documents\\GitHub\\Sistema_Abierto\\proyecto\\backend\\node_modules\\express\\lib\\router\\index.js:280:10)\n    at Layer.handle_error (C:\\Users\\User\\Documents\\GitHub\\Sistema_Abierto\\proyecto\\backend\\node_modules\\express\\lib\\router\\layer.js:67:12)\n    at trim_prefix (C:\\Users\\User\\Documents\\GitHub\\Sistema_Abierto\\proyecto\\backend\\node_modules\\express\\lib\\router\\index.js:326:13)\n    at C:\\Users\\User\\Documents\\GitHub\\Sistema_Abierto\\proyecto\\backend\\node_modules\\express\\lib\\router\\index.js:286:9","timestamp":"2025-11-12 04:32:20","url":"/api/creditos/mis","userId":"afaffda9-1c5d-47a5-8a8e-66cee57d08de"}
{"ip":"::1","level":"error","message":"Error de base de datos","method":"GET","service":"sistema-universitario-api","stack":"Error: Error de base de datos\n    at handlePrismaError (C:\\Users\\User\\Documents\\GitHub\\Sistema_Abierto\\proyecto\\backend\\src\\middleware\\error.middleware.ts:26:14)\n    at errorHandler (C:\\Users\\User\\Documents\\GitHub\\Sistema_Abierto\\proyecto\\backend\\src\\middleware\\error.middleware.ts:44:13)\n    at Layer.handle_error (C:\\Users\\User\\Documents\\GitHub\\Sistema_Abierto\\proyecto\\backend\\node_modules\\express\\lib\\router\\layer.js:71:5)\n    at trim_prefix (C:\\Users\\User\\Documents\\GitHub\\Sistema_Abierto\\proyecto\\backend\\node_modules\\express\\lib\\router\\index.js:326:13)\n    at C:\\Users\\User\\Documents\\GitHub\\Sistema_Abierto\\proyecto\\backend\\node_modules\\express\\lib\\router\\index.js:286:9\n    at router.process_params (C:\\Users\\User\\Documents\\GitHub\\Sistema_Abierto\\proyecto\\backend\\node_modules\\express\\lib\\router\\index.js:346:12)\n    at next (C:\\Users\\User\\Documents\\GitHub\\Sistema_Abierto\\proyecto\\backend\\node_modules\\express\\lib\\router\\index.js:280:10)\n    at Layer.handle_error (C:\\Users\\User\\Documents\\GitHub\\Sistema_Abierto\\proyecto\\backend\\node_modules\\express\\lib\\router\\layer.js:67:12)\n    at trim_prefix (C:\\Users\\User\\Documents\\GitHub\\Sistema_Abierto\\proyecto\\backend\\node_modules\\express\\lib\\router\\index.js:326:13)\n    at C:\\Users\\User\\Documents\\GitHub\\Sistema_Abierto\\proyecto\\backend\\node_modules\\express\\lib\\router\\index.js:286:9","timestamp":"2025-11-12 04:32:24","url":"/api/creditos/mis","userId":"afaffda9-1c5d-47a5-8a8e-66cee57d08de"}
{"ip":"::1","level":"error","message":"Error de base de datos","method":"GET","service":"sistema-universitario-api","stack":"Error: Error de base de datos\n    at handlePrismaError (C:\\Users\\User\\Documents\\GitHub\\Sistema_Abierto\\proyecto\\backend\\src\\middleware\\error.middleware.ts:26:14)\n    at errorHandler (C:\\Users\\User\\Documents\\GitHub\\Sistema_Abierto\\proyecto\\backend\\src\\middleware\\error.middleware.ts:44:13)\n    at Layer.handle_error (C:\\Users\\User\\Documents\\GitHub\\Sistema_Abierto\\proyecto\\backend\\node_modules\\express\\lib\\router\\layer.js:71:5)\n    at trim_prefix (C:\\Users\\User\\Documents\\GitHub\\Sistema_Abierto\\proyecto\\backend\\node_modules\\express\\lib\\router\\index.js:326:13)\n    at C:\\Users\\User\\Documents\\GitHub\\Sistema_Abierto\\proyecto\\backend\\node_modules\\express\\lib\\router\\index.js:286:9\n    at router.process_params (C:\\Users\\User\\Documents\\GitHub\\Sistema_Abierto\\proyecto\\backend\\node_modules\\express\\lib\\router\\index.js:346:12)\n    at next (C:\\Users\\User\\Documents\\GitHub\\Sistema_Abierto\\proyecto\\backend\\node_modules\\express\\lib\\router\\index.js:280:10)\n    at Layer.handle_error (C:\\Users\\User\\Documents\\GitHub\\Sistema_Abierto\\proyecto\\backend\\node_modules\\express\\lib\\router\\layer.js:67:12)\n    at trim_prefix (C:\\Users\\User\\Documents\\GitHub\\Sistema_Abierto\\proyecto\\backend\\node_modules\\express\\lib\\router\\index.js:326:13)\n    at C:\\Users\\User\\Documents\\GitHub\\Sistema_Abierto\\proyecto\\backend\\node_modules\\express\\lib\\router\\index.js:286:9","timestamp":"2025-11-12 04:32:24","url":"/api/creditos/mis","userId":"afaffda9-1c5d-47a5-8a8e-66cee57d08de"}
{"ip":"::1","level":"error","message":"Error de base de datos","method":"GET","service":"sistema-universitario-api","stack":"Error: Error de base de datos\n    at handlePrismaError (C:\\Users\\User\\Documents\\GitHub\\Sistema_Abierto\\proyecto\\backend\\src\\middleware\\error.middleware.ts:26:14)\n    at errorHandler (C:\\Users\\User\\Documents\\GitHub\\Sistema_Abierto\\proyecto\\backend\\src\\middleware\\error.middleware.ts:44:13)\n    at Layer.handle_error (C:\\Users\\User\\Documents\\GitHub\\Sistema_Abierto\\proyecto\\backend\\node_modules\\express\\lib\\router\\layer.js:71:5)\n    at trim_prefix (C:\\Users\\User\\Documents\\GitHub\\Sistema_Abierto\\proyecto\\backend\\node_modules\\express\\lib\\router\\index.js:326:13)\n    at C:\\Users\\User\\Documents\\GitHub\\Sistema_Abierto\\proyecto\\backend\\node_modules\\express\\lib\\router\\index.js:286:9\n    at router.process_params (C:\\Users\\User\\Documents\\GitHub\\Sistema_Abierto\\proyecto\\backend\\node_modules\\express\\lib\\router\\index.js:346:12)\n    at next (C:\\Users\\User\\Documents\\GitHub\\Sistema_Abierto\\proyecto\\backend\\node_modules\\express\\lib\\router\\index.js:280:10)\n    at Layer.handle_error (C:\\Users\\User\\Documents\\GitHub\\Sistema_Abierto\\proyecto\\backend\\node_modules\\express\\lib\\router\\layer.js:67:12)\n    at trim_prefix (C:\\Users\\User\\Documents\\GitHub\\Sistema_Abierto\\proyecto\\backend\\node_modules\\express\\lib\\router\\index.js:326:13)\n    at C:\\Users\\User\\Documents\\GitHub\\Sistema_Abierto\\proyecto\\backend\\node_modules\\express\\lib\\router\\index.js:286:9","timestamp":"2025-11-12 04:32:32","url":"/api/creditos/mis","userId":"afaffda9-1c5d-47a5-8a8e-66cee57d08de"}
{"ip":"::1","level":"error","message":"Error de base de datos","method":"GET","service":"sistema-universitario-api","stack":"Error: Error de base de datos\n    at handlePrismaError (C:\\Users\\User\\Documents\\GitHub\\Sistema_Abierto\\proyecto\\backend\\src\\middleware\\error.middleware.ts:26:14)\n    at errorHandler (C:\\Users\\User\\Documents\\GitHub\\Sistema_Abierto\\proyecto\\backend\\src\\middleware\\error.middleware.ts:44:13)\n    at Layer.handle_error (C:\\Users\\User\\Documents\\GitHub\\Sistema_Abierto\\proyecto\\backend\\node_modules\\express\\lib\\router\\layer.js:71:5)\n    at trim_prefix (C:\\Users\\User\\Documents\\GitHub\\Sistema_Abierto\\proyecto\\backend\\node_modules\\express\\lib\\router\\index.js:326:13)\n    at C:\\Users\\User\\Documents\\GitHub\\Sistema_Abierto\\proyecto\\backend\\node_modules\\express\\lib\\router\\index.js:286:9\n    at router.process_params (C:\\Users\\User\\Documents\\GitHub\\Sistema_Abierto\\proyecto\\backend\\node_modules\\express\\lib\\router\\index.js:346:12)\n    at next (C:\\Users\\User\\Documents\\GitHub\\Sistema_Abierto\\proyecto\\backend\\node_modules\\express\\lib\\router\\index.js:280:10)\n    at Layer.handle_error (C:\\Users\\User\\Documents\\GitHub\\Sistema_Abierto\\proyecto\\backend\\node_modules\\express\\lib\\router\\layer.js:67:12)\n    at trim_prefix (C:\\Users\\User\\Documents\\GitHub\\Sistema_Abierto\\proyecto\\backend\\node_modules\\express\\lib\\router\\index.js:326:13)\n    at C:\\Users\\User\\Documents\\GitHub\\Sistema_Abierto\\proyecto\\backend\\node_modules\\express\\lib\\router\\index.js:286:9","timestamp":"2025-11-12 04:32:32","url":"/api/creditos/mis","userId":"afaffda9-1c5d-47a5-8a8e-66cee57d08de"}
{"level":"info","message":"Sesión cerrada exitosamente","service":"sistema-universitario-api","timestamp":"2025-11-12 04:32:56"}
{"isOperational":true,"level":"error","message":"Error en login: Credenciales inválidas","service":"sistema-universitario-api","stack":"Error: Credenciales inválidas\n    at AuthService.login (C:\\Users\\User\\Documents\\GitHub\\Sistema_Abierto\\proyecto\\backend\\src\\services\\auth.service.ts:94:15)\n    at async login (C:\\Users\\User\\Documents\\GitHub\\Sistema_Abierto\\proyecto\\backend\\src\\controllers\\auth.controller.ts:21:22)","statusCode":401,"timestamp":"2025-11-12 04:33:15"}
{"isOperational":true,"level":"error","message":"Error en login: Credenciales inválidas","service":"sistema-universitario-api","stack":"Error: Credenciales inválidas\n    at AuthService.login (C:\\Users\\User\\Documents\\GitHub\\Sistema_Abierto\\proyecto\\backend\\src\\services\\auth.service.ts:94:15)\n    at async login (C:\\Users\\User\\Documents\\GitHub\\Sistema_Abierto\\proyecto\\backend\\src\\controllers\\auth.controller.ts:21:22)","statusCode":401,"timestamp":"2025-11-12 04:33:44"}
{"isOperational":true,"level":"error","message":"Error en login: Credenciales inválidas","service":"sistema-universitario-api","stack":"Error: Credenciales inválidas\n    at AuthService.login (C:\\Users\\User\\Documents\\GitHub\\Sistema_Abierto\\proyecto\\backend\\src\\services\\auth.service.ts:94:15)\n    at async login (C:\\Users\\User\\Documents\\GitHub\\Sistema_Abierto\\proyecto\\backend\\src\\controllers\\auth.controller.ts:21:22)","statusCode":401,"timestamp":"2025-11-12 04:34:01"}
{"level":"info","message":"✅ Conexión a PostgreSQL establecida","service":"sistema-universitario-api","timestamp":"2025-11-12 04:50:43"}
{"level":"info","message":"🚀 Servidor corriendo en http://localhost:3001","service":"sistema-universitario-api","timestamp":"2025-11-12 04:50:43"}
{"level":"info","message":"📝 Ambiente: production","service":"sistema-universitario-api","timestamp":"2025-11-12 04:50:43"}
{"level":"info","message":"🔍 Health check: http://localhost:3001/health","service":"sistema-universitario-api","timestamp":"2025-11-12 04:50:43"}
{"level":"info","message":"🔗 API: http://localhost:3001/api","service":"sistema-universitario-api","timestamp":"2025-11-12 04:50:43"}
{"level":"info","message":"✅ Conexión a PostgreSQL establecida","service":"sistema-universitario-api","timestamp":"2025-11-12 04:50:55"}
{"level":"info","message":"🚀 Servidor corriendo en http://localhost:3001","service":"sistema-universitario-api","timestamp":"2025-11-12 04:50:55"}
{"level":"info","message":"📝 Ambiente: production","service":"sistema-universitario-api","timestamp":"2025-11-12 04:50:55"}
{"level":"info","message":"🔍 Health check: http://localhost:3001/health","service":"sistema-universitario-api","timestamp":"2025-11-12 04:50:55"}
{"level":"info","message":"🔗 API: http://localhost:3001/api","service":"sistema-universitario-api","timestamp":"2025-11-12 04:50:55"}
{"level":"info","message":"✅ Conexión a PostgreSQL establecida","service":"sistema-universitario-api","timestamp":"2025-11-12 04:55:16"}
{"level":"info","message":"✅ Conexión a PostgreSQL establecida","service":"sistema-universitario-api","timestamp":"2025-11-12 05:11:25"}
{"level":"info","message":"🚀 Servidor corriendo en http://localhost:3001","service":"sistema-universitario-api","timestamp":"2025-11-12 05:11:25"}
{"level":"info","message":"📝 Ambiente: production","service":"sistema-universitario-api","timestamp":"2025-11-12 05:11:25"}
{"level":"info","message":"🔍 Health check: http://localhost:3001/health","service":"sistema-universitario-api","timestamp":"2025-11-12 05:11:25"}
{"level":"info","message":"🔗 API: http://localhost:3001/api","service":"sistema-universitario-api","timestamp":"2025-11-12 05:11:25"}
{"level":"info","message":"✅ Conexión a PostgreSQL establecida","service":"sistema-universitario-api","timestamp":"2025-11-12 05:16:09"}
{"level":"info","message":"🚀 Servidor corriendo en http://localhost:3001","service":"sistema-universitario-api","timestamp":"2025-11-12 05:16:09"}
{"level":"info","message":"📝 Ambiente: production","service":"sistema-universitario-api","timestamp":"2025-11-12 05:16:09"}
{"level":"info","message":"🔍 Health check: http://localhost:3001/health","service":"sistema-universitario-api","timestamp":"2025-11-12 05:16:09"}
{"level":"info","message":"🔗 API: http://localhost:3001/api","service":"sistema-universitario-api","timestamp":"2025-11-12 05:16:09"}
{"level":"info","message":"✅ Conexión a PostgreSQL establecida","service":"sistema-universitario-api","timestamp":"2025-11-12 05:42:58"}
{"level":"info","message":"🚀 Servidor corriendo en http://localhost:3001","service":"sistema-universitario-api","timestamp":"2025-11-12 05:42:58"}
{"level":"info","message":"📝 Ambiente: production","service":"sistema-universitario-api","timestamp":"2025-11-12 05:42:58"}
{"level":"info","message":"🔍 Health check: http://localhost:3001/health","service":"sistema-universitario-api","timestamp":"2025-11-12 05:42:58"}
{"level":"info","message":"🔗 API: http://localhost:3001/api","service":"sistema-universitario-api","timestamp":"2025-11-12 05:42:58"}
{"level":"info","message":"✅ Conexión a PostgreSQL establecida","service":"sistema-universitario-api","timestamp":"2025-11-12 05:43:50"}
{"level":"info","message":"🚀 Servidor corriendo en http://localhost:4000","service":"sistema-universitario-api","timestamp":"2025-11-12 05:43:50"}
{"level":"info","message":"📝 Ambiente: production","service":"sistema-universitario-api","timestamp":"2025-11-12 05:43:50"}
{"level":"info","message":"🔍 Health check: http://localhost:4000/health","service":"sistema-universitario-api","timestamp":"2025-11-12 05:43:50"}
{"level":"info","message":"🔗 API: http://localhost:4000/api","service":"sistema-universitario-api","timestamp":"2025-11-12 05:43:50"}
{"level":"info","message":"✅ Conexión a PostgreSQL establecida","service":"sistema-universitario-api","timestamp":"2025-11-12 15:18:07"}
{"level":"info","message":"✅ Conexión a PostgreSQL establecida","service":"sistema-universitario-api","timestamp":"2025-11-13 00:33:05"}
{"level":"info","message":"✅ Conexión a PostgreSQL establecida","service":"sistema-universitario-api","timestamp":"2025-11-13 00:36:30"}
{"level":"info","message":"🚀 Servidor corriendo en http://localhost:4000","service":"sistema-universitario-api","timestamp":"2025-11-13 00:36:30"}
{"level":"info","message":"📝 Ambiente: production","service":"sistema-universitario-api","timestamp":"2025-11-13 00:36:30"}
{"level":"info","message":"🔍 Health check: http://localhost:4000/health","service":"sistema-universitario-api","timestamp":"2025-11-13 00:36:30"}
{"level":"info","message":"🔗 API: http://localhost:4000/api","service":"sistema-universitario-api","timestamp":"2025-11-13 00:36:30"}
{"level":"info","message":"Sesión cerrada exitosamente","service":"sistema-universitario-api","timestamp":"2025-11-13 00:37:48"}
{"level":"info","message":"Login exitoso: admin@teschi.edu.mx","service":"sistema-universitario-api","timestamp":"2025-11-13 00:37:58"}
{"level":"info","message":"Sesión cerrada exitosamente","service":"sistema-universitario-api","timestamp":"2025-11-13 00:43:37"}
